[    15.114] (WW) Failed to open protocol names file lib/xorg/protocol.txt
[    15.116] 
X.Org X Server 1.20.9
X Protocol Version 11, Revision 0
[    15.123] Build Operating System: Linux Artix Linux
[    15.125] Current Operating System: Linux biju-x230 5.9.1-artix1-1 #1 SMP PREEMPT Sat, 17 Oct 2020 18:30:26 +0000 x86_64
[    15.125] Kernel command line: BOOT_IMAGE=/vmlinuz-linux root=UUID=4b79ab33-3b41-46d2-a44f-23ba61a8b49b rw loglevel=3 quiet
[    15.126] Build Date: 02 September 2020  08:51:09AM
[    15.127]  
[    15.127] Current version of pixman: 0.40.0
[    15.129] 	Before reporting problems, check http://wiki.x.org
	to make sure that you have the latest version.
[    15.129] Markers: (--) probed, (**) from config file, (==) default setting,
	(++) from command line, (!!) notice, (II) informational,
	(WW) warning, (EE) error, (NI) not implemented, (??) unknown.
[    15.131] (==) Log file: "/home/biju/.local/share/xorg/Xorg.0.log", Time: Thu Oct 29 16:55:22 2020
[    15.300] (==) Using system config directory "/usr/share/X11/xorg.conf.d"
[    15.340] (==) No Layout section.  Using the first Screen section.
[    15.340] (==) No screen section available. Using defaults.
[    15.340] (**) |-->Screen "Default Screen Section" (0)
[    15.340] (**) |   |-->Monitor "<default monitor>"
[    15.340] (==) No monitor specified for screen "Default Screen Section".
	Using a default monitor configuration.
[    15.340] (==) Automatically adding devices
[    15.340] (==) Automatically enabling devices
[    15.340] (==) Automatically adding GPU devices
[    15.340] (==) Automatically binding GPU devices
[    15.340] (==) Max clients allowed: 256, resource mask: 0x1fffff
[    15.417] (WW) The directory "/usr/share/fonts/misc" does not exist.
[    15.417] 	Entry deleted from font path.
[    15.503] (WW) The directory "/usr/share/fonts/OTF" does not exist.
[    15.503] 	Entry deleted from font path.
[    15.503] (WW) The directory "/usr/share/fonts/Type1" does not exist.
[    15.503] 	Entry deleted from font path.
[    15.503] (WW) The directory "/usr/share/fonts/100dpi" does not exist.
[    15.503] 	Entry deleted from font path.
[    15.503] (WW) The directory "/usr/share/fonts/75dpi" does not exist.
[    15.503] 	Entry deleted from font path.
[    15.503] (==) FontPath set to:
	/usr/share/fonts/TTF
[    15.503] (==) ModulePath set to "/usr/lib/xorg/modules"
[    15.503] (II) The server relies on udev to provide the list of input devices.
	If no devices become available, reconfigure udev or disable AutoAddDevices.
[    15.503] (II) Module ABI versions:
[    15.503] 	X.Org ANSI C Emulation: 0.4
[    15.503] 	X.Org Video Driver: 24.1
[    15.503] 	X.Org XInput driver : 24.1
[    15.503] 	X.Org Server Extension : 10.0
[    15.505] (++) using VT number 1

[    15.509] (II) systemd-logind: took control of session /org/freedesktop/login1/session/_31
[    15.509] (II) xfree86: Adding drm device (/dev/dri/card0)
[    15.509] (II) Platform probe for /sys/devices/pci0000:00/0000:00:02.0/drm/card0
[    15.510] (II) systemd-logind: got fd for /dev/dri/card0 226:0 fd 10 paused 0
[    15.513] (--) PCI:*(0@0:2:0) 8086:0166:17aa:21fa rev 9, Mem @ 0xf0000000/4194304, 0xe0000000/268435456, I/O @ 0x00005000/64, BIOS @ 0x????????/131072
[    15.513] (WW) Open ACPI failed (/var/run/acpid.socket) (No such file or directory)
[    15.513] (II) LoadModule: "glx"
[    15.524] (II) Loading /usr/lib/xorg/modules/extensions/libglx.so
[    15.565] (II) Module glx: vendor="X.Org Foundation"
[    15.565] 	compiled for 1.20.9, module version = 1.0.0
[    15.565] 	ABI class: X.Org Server Extension, version 10.0
[    15.565] (==) Matched intel as autoconfigured driver 0
[    15.565] (==) Matched modesetting as autoconfigured driver 1
[    15.565] (==) Matched fbdev as autoconfigured driver 2
[    15.565] (==) Matched vesa as autoconfigured driver 3
[    15.565] (==) Assigned the driver to the xf86ConfigLayout
[    15.565] (II) LoadModule: "intel"
[    15.566] (WW) Warning, couldn't open module intel
[    15.566] (EE) Failed to load module "intel" (module does not exist, 0)
[    15.566] (II) LoadModule: "modesetting"
[    15.566] (II) Loading /usr/lib/xorg/modules/drivers/modesetting_drv.so
[    15.582] (II) Module modesetting: vendor="X.Org Foundation"
[    15.583] 	compiled for 1.20.9, module version = 1.20.9
[    15.583] 	Module class: X.Org Video Driver
[    15.583] 	ABI class: X.Org Video Driver, version 24.1
[    15.583] (II) LoadModule: "fbdev"
[    15.583] (WW) Warning, couldn't open module fbdev
[    15.583] (EE) Failed to load module "fbdev" (module does not exist, 0)
[    15.583] (II) LoadModule: "vesa"
[    15.583] (WW) Warning, couldn't open module vesa
[    15.583] (EE) Failed to load module "vesa" (module does not exist, 0)
[    15.583] (II) modesetting: Driver for Modesetting Kernel Drivers: kms
[    15.584] (II) modeset(0): using drv /dev/dri/card0
[    15.584] (WW) VGA arbiter: cannot open kernel arbiter, no multi-card support
[    15.584] (II) modeset(0): Creating default Display subsection in Screen section
	"Default Screen Section" for depth/fbbpp 24/32
[    15.584] (==) modeset(0): Depth 24, (==) framebuffer bpp 32
[    15.584] (==) modeset(0): RGB weight 888
[    15.584] (==) modeset(0): Default visual is TrueColor
[    15.584] (II) Loading sub module "glamoregl"
[    15.584] (II) LoadModule: "glamoregl"
[    15.584] (II) Loading /usr/lib/xorg/modules/libglamoregl.so
[    15.623] (II) Module glamoregl: vendor="X.Org Foundation"
[    15.623] 	compiled for 1.20.9, module version = 1.0.1
[    15.623] 	ABI class: X.Org ANSI C Emulation, version 0.4
[    16.077] (II) modeset(0): glamor X acceleration enabled on Mesa DRI Intel(R) HD Graphics 4000 (IVB GT2)
[    16.077] (II) modeset(0): glamor initialized
[    16.077] (II) modeset(0): Output LVDS-1 has no monitor section
[    16.091] (II) modeset(0): Output VGA-1 has no monitor section
[    16.272] (II) modeset(0): Output HDMI-1 has no monitor section
[    16.272] (II) modeset(0): Output DP-1 has no monitor section
[    16.273] (II) modeset(0): Output HDMI-2 has no monitor section
[    16.275] (II) modeset(0): Output HDMI-3 has no monitor section
[    16.275] (II) modeset(0): Output DP-2 has no monitor section
[    16.275] (II) modeset(0): Output DP-3 has no monitor section
[    16.283] (II) modeset(0): EDID for output LVDS-1
[    16.283] (II) modeset(0): Manufacturer: SEC  Model: 3047  Serial#: 0
[    16.283] (II) modeset(0): Year: 2010  Week: 0
[    16.283] (II) modeset(0): EDID Version: 1.3
[    16.283] (II) modeset(0): Digital Display Input
[    16.283] (II) modeset(0): Max Image Size [cm]: horiz.: 28  vert.: 16
[    16.283] (II) modeset(0): Gamma: 2.20
[    16.283] (II) modeset(0): DPMS capabilities: StandBy Suspend Off
[    16.284] (II) modeset(0): Supported color encodings: RGB 4:4:4 YCrCb 4:4:4 
[    16.284] (II) modeset(0): First detailed timing is preferred mode
[    16.284] (II) modeset(0): redX: 0.566 redY: 0.337   greenX: 0.351 greenY: 0.560
[    16.284] (II) modeset(0): blueX: 0.150 blueY: 0.094   whiteX: 0.313 whiteY: 0.329
[    16.284] (II) modeset(0): Manufacturer's mask: 0
[    16.284] (II) modeset(0): Supported detailed timing:
[    16.284] (II) modeset(0): clock: 74.8 MHz   Image Size:  277 x 156 mm
[    16.284] (II) modeset(0): h_active: 1366  h_sync: 1414  h_sync_end 1446 h_blank_end 1578 h_border: 0
[    16.284] (II) modeset(0): v_active: 768  v_sync: 770  v_sync_end 775 v_blanking: 790 v_border: 0
[    16.284] (II) modeset(0): Unknown vendor-specific block f
[    16.284] (II) modeset(0):  SAMSUNG
[    16.284] (II) modeset(0):  LTN125AT01401
[    16.284] (II) modeset(0): EDID (in hex):
[    16.284] (II) modeset(0): 	00ffffffffffff004ca3473000000000
[    16.284] (II) modeset(0): 	00140103801c1078ea1d859156598f26
[    16.284] (II) modeset(0): 	18505400000001010101010101010101
[    16.284] (II) modeset(0): 	010101010101381d56d4500016303020
[    16.284] (II) modeset(0): 	2500159c100000190000000f00000000
[    16.284] (II) modeset(0): 	000000000025d9066a00000000fe0053
[    16.284] (II) modeset(0): 	414d53554e470a204ca34154000000fe
[    16.284] (II) modeset(0): 	004c544e31323541543031343031005d
[    16.284] (II) modeset(0): Printing probed modes for output LVDS-1
[    16.284] (II) modeset(0): Modeline "1366x768"x60.0   74.80  1366 1414 1446 1578  768 770 775 790 -hsync -vsync (47.4 kHz eP)
[    16.284] (II) modeset(0): Modeline "1280x720"x120.0  156.12  1280 1376 1512 1744  720 721 724 746 doublescan -hsync +vsync (89.5 kHz d)
[    16.284] (II) modeset(0): Modeline "1280x720"x120.0  120.75  1280 1304 1320 1360  720 721 724 740 doublescan +hsync -vsync (88.8 kHz d)
[    16.284] (II) modeset(0): Modeline "1280x720"x59.9   74.50  1280 1344 1472 1664  720 723 728 748 -hsync +vsync (44.8 kHz d)
[    16.284] (II) modeset(0): Modeline "1280x720"x59.7   63.75  1280 1328 1360 1440  720 723 728 741 +hsync -vsync (44.3 kHz d)
[    16.284] (II) modeset(0): Modeline "1024x768"x120.1  133.47  1024 1100 1212 1400  768 768 770 794 doublescan -hsync +vsync (95.3 kHz d)
[    16.284] (II) modeset(0): Modeline "1024x768"x60.0   65.00  1024 1048 1184 1344  768 771 777 806 -hsync -vsync (48.4 kHz d)
[    16.284] (II) modeset(0): Modeline "960x720"x120.0  117.00  960 1024 1128 1300  720 720 722 750 doublescan -hsync +vsync (90.0 kHz d)
[    16.284] (II) modeset(0): Modeline "928x696"x120.1  109.15  928 976 1088 1264  696 696 698 719 doublescan -hsync +vsync (86.4 kHz d)
[    16.284] (II) modeset(0): Modeline "896x672"x120.0  102.40  896 960 1060 1224  672 672 674 697 doublescan -hsync +vsync (83.7 kHz d)
[    16.284] (II) modeset(0): Modeline "1024x576"x119.9   98.50  1024 1092 1200 1376  576 577 580 597 doublescan -hsync +vsync (71.6 kHz d)
[    16.284] (II) modeset(0): Modeline "1024x576"x119.9   78.38  1024 1048 1064 1104  576 577 580 592 doublescan +hsync -vsync (71.0 kHz d)
[    16.284] (II) modeset(0): Modeline "1024x576"x59.9   46.50  1024 1064 1160 1296  576 579 584 599 -hsync +vsync (35.9 kHz d)
[    16.284] (II) modeset(0): Modeline "1024x576"x59.8   42.00  1024 1072 1104 1184  576 579 584 593 +hsync -vsync (35.5 kHz d)
[    16.284] (II) modeset(0): Modeline "960x600"x119.9   96.62  960 1028 1128 1296  600 601 604 622 doublescan -hsync +vsync (74.6 kHz d)
[    16.284] (II) modeset(0): Modeline "960x600"x120.0   77.00  960 984 1000 1040  600 601 604 617 doublescan +hsync -vsync (74.0 kHz d)
[    16.284] (II) modeset(0): Modeline "960x540"x119.9   86.50  960 1024 1124 1288  540 541 544 560 doublescan -hsync +vsync (67.2 kHz d)
[    16.284] (II) modeset(0): Modeline "960x540"x120.0   69.25  960 984 1000 1040  540 541 544 555 doublescan +hsync -vsync (66.6 kHz d)
[    16.284] (II) modeset(0): Modeline "960x540"x59.6   40.75  960 992 1088 1216  540 543 548 562 -hsync +vsync (33.5 kHz d)
[    16.284] (II) modeset(0): Modeline "960x540"x59.8   37.25  960 1008 1040 1120  540 543 548 556 +hsync -vsync (33.3 kHz d)
[    16.284] (II) modeset(0): Modeline "800x600"x120.0   81.00  800 832 928 1080  600 600 602 625 doublescan +hsync +vsync (75.0 kHz d)
[    16.284] (II) modeset(0): Modeline "800x600"x60.3   40.00  800 840 968 1056  600 601 605 628 +hsync +vsync (37.9 kHz d)
[    16.284] (II) modeset(0): Modeline "800x600"x56.2   36.00  800 824 896 1024  600 601 603 625 +hsync +vsync (35.2 kHz d)
[    16.284] (II) modeset(0): Modeline "840x525"x120.0   73.12  840 892 980 1120  525 526 529 544 doublescan -hsync +vsync (65.3 kHz d)
[    16.284] (II) modeset(0): Modeline "840x525"x119.8   59.50  840 864 880 920  525 526 529 540 doublescan +hsync -vsync (64.7 kHz d)
[    16.284] (II) modeset(0): Modeline "864x486"x59.9   32.50  864 888 968 1072  486 489 494 506 -hsync +vsync (30.3 kHz d)
[    16.284] (II) modeset(0): Modeline "864x486"x59.6   30.50  864 912 944 1024  486 489 494 500 +hsync -vsync (29.8 kHz d)
[    16.284] (II) modeset(0): Modeline "700x525"x120.0   61.00  700 744 820 940  525 526 532 541 doublescan +hsync +vsync (64.9 kHz d)
[    16.284] (II) modeset(0): Modeline "800x450"x119.9   59.12  800 848 928 1056  450 451 454 467 doublescan -hsync +vsync (56.0 kHz d)
[    16.284] (II) modeset(0): Modeline "800x450"x119.6   48.75  800 824 840 880  450 451 454 463 doublescan +hsync -vsync (55.4 kHz d)
[    16.284] (II) modeset(0): Modeline "640x512"x120.0   54.00  640 664 720 844  512 512 514 533 doublescan +hsync +vsync (64.0 kHz d)
[    16.284] (II) modeset(0): Modeline "700x450"x119.9   51.75  700 740 812 924  450 451 456 467 doublescan -hsync +vsync (56.0 kHz d)
[    16.284] (II) modeset(0): Modeline "700x450"x119.8   43.25  700 724 740 780  450 451 456 463 doublescan +hsync -vsync (55.4 kHz d)
[    16.284] (II) modeset(0): Modeline "640x480"x120.0   54.00  640 688 744 900  480 480 482 500 doublescan +hsync +vsync (60.0 kHz d)
[    16.284] (II) modeset(0): Modeline "640x480"x59.9   25.18  640 656 752 800  480 490 492 525 -hsync -vsync (31.5 kHz d)
[    16.284] (II) modeset(0): Modeline "720x405"x59.5   22.50  720 744 808 896  405 408 413 422 -hsync +vsync (25.1 kHz d)
[    16.284] (II) modeset(0): Modeline "720x405"x59.0   21.75  720 768 800 880  405 408 413 419 +hsync -vsync (24.7 kHz d)
[    16.284] (II) modeset(0): Modeline "684x384"x119.8   42.62  684 720 788 892  384 385 390 399 doublescan -hsync +vsync (47.8 kHz d)
[    16.284] (II) modeset(0): Modeline "684x384"x119.7   36.12  684 708 724 764  384 385 390 395 doublescan +hsync -vsync (47.3 kHz d)
[    16.284] (II) modeset(0): Modeline "640x400"x119.8   41.75  640 676 740 840  400 401 404 415 doublescan -hsync +vsync (49.7 kHz d)
[    16.284] (II) modeset(0): Modeline "640x400"x120.0   35.50  640 664 680 720  400 401 404 411 doublescan +hsync -vsync (49.3 kHz d)
[    16.284] (II) modeset(0): Modeline "640x360"x119.7   37.25  640 672 736 832  360 361 364 374 doublescan -hsync +vsync (44.8 kHz d)
[    16.284] (II) modeset(0): Modeline "640x360"x119.7   31.88  640 664 680 720  360 361 364 370 doublescan +hsync -vsync (44.3 kHz d)
[    16.284] (II) modeset(0): Modeline "640x360"x59.8   18.00  640 664 720 800  360 363 368 376 -hsync +vsync (22.5 kHz d)
[    16.284] (II) modeset(0): Modeline "640x360"x59.3   17.75  640 688 720 800  360 363 368 374 +hsync -vsync (22.2 kHz d)
[    16.284] (II) modeset(0): Modeline "512x384"x120.0   32.50  512 524 592 672  384 385 388 403 doublescan -hsync -vsync (48.4 kHz d)
[    16.284] (II) modeset(0): Modeline "512x288"x120.0   23.25  512 532 580 648  288 289 292 299 doublescan -hsync +vsync (35.9 kHz d)
[    16.284] (II) modeset(0): Modeline "512x288"x119.8   21.00  512 536 552 592  288 289 292 296 doublescan +hsync -vsync (35.5 kHz d)
[    16.284] (II) modeset(0): Modeline "480x270"x119.3   20.38  480 496 544 608  270 271 274 281 doublescan -hsync +vsync (33.5 kHz d)
[    16.284] (II) modeset(0): Modeline "480x270"x119.6   18.62  480 504 520 560  270 271 274 278 doublescan +hsync -vsync (33.3 kHz d)
[    16.284] (II) modeset(0): Modeline "400x300"x120.6   20.00  400 420 484 528  300 300 302 314 doublescan +hsync +vsync (37.9 kHz d)
[    16.284] (II) modeset(0): Modeline "400x300"x112.7   18.00  400 412 448 512  300 300 301 312 doublescan +hsync +vsync (35.2 kHz d)
[    16.284] (II) modeset(0): Modeline "432x243"x119.8   16.25  432 444 484 536  243 244 247 253 doublescan -hsync +vsync (30.3 kHz d)
[    16.284] (II) modeset(0): Modeline "432x243"x119.1   15.25  432 456 472 512  243 244 247 250 doublescan +hsync -vsync (29.8 kHz d)
[    16.284] (II) modeset(0): Modeline "320x240"x120.1   12.59  320 328 376 400  240 245 246 262 doublescan -hsync -vsync (31.5 kHz d)
[    16.284] (II) modeset(0): Modeline "360x202"x119.0   11.25  360 372 404 448  202 204 206 211 doublescan -hsync +vsync (25.1 kHz d)
[    16.284] (II) modeset(0): Modeline "360x202"x118.3   10.88  360 384 400 440  202 204 206 209 doublescan +hsync -vsync (24.7 kHz d)
[    16.284] (II) modeset(0): Modeline "320x180"x119.7    9.00  320 332 360 400  180 181 184 188 doublescan -hsync +vsync (22.5 kHz d)
[    16.284] (II) modeset(0): Modeline "320x180"x118.6    8.88  320 344 360 400  180 181 184 187 doublescan +hsync -vsync (22.2 kHz d)
[    16.298] (II) modeset(0): EDID for output VGA-1
[    16.298] (II) modeset(0): Manufacturer: DEL  Model: f003  Serial#: 809851219
[    16.298] (II) modeset(0): Year: 2007  Week: 16
[    16.298] (II) modeset(0): EDID Version: 1.3
[    16.298] (II) modeset(0): Analog Display Input,  Input Voltage Level: 0.700/0.700 V
[    16.298] (II) modeset(0): Sync:  Separate
[    16.298] (II) modeset(0): Max Image Size [cm]: horiz.: 41  vert.: 26
[    16.298] (II) modeset(0): Gamma: 2.20
[    16.298] (II) modeset(0): DPMS capabilities: StandBy Suspend Off; RGB/Color Display
[    16.298] (II) modeset(0): Default color space is primary color space
[    16.298] (II) modeset(0): First detailed timing is preferred mode
[    16.298] (II) modeset(0): redX: 0.640 redY: 0.336   greenX: 0.293 greenY: 0.599
[    16.298] (II) modeset(0): blueX: 0.152 blueY: 0.068   whiteX: 0.313 whiteY: 0.329
[    16.298] (II) modeset(0): Supported established timings:
[    16.298] (II) modeset(0): 720x400@70Hz
[    16.298] (II) modeset(0): 640x480@60Hz
[    16.298] (II) modeset(0): 640x480@67Hz
[    16.298] (II) modeset(0): 640x480@72Hz
[    16.298] (II) modeset(0): 640x480@75Hz
[    16.298] (II) modeset(0): 800x600@56Hz
[    16.298] (II) modeset(0): 800x600@60Hz
[    16.298] (II) modeset(0): 800x600@72Hz
[    16.298] (II) modeset(0): 800x600@75Hz
[    16.298] (II) modeset(0): 832x624@75Hz
[    16.298] (II) modeset(0): 1024x768@60Hz
[    16.298] (II) modeset(0): 1024x768@70Hz
[    16.298] (II) modeset(0): 1024x768@75Hz
[    16.298] (II) modeset(0): 1280x1024@75Hz
[    16.298] (II) modeset(0): 1152x864@75Hz
[    16.298] (II) modeset(0): Manufacturer's mask: 0
[    16.298] (II) modeset(0): Supported standard timings:
[    16.298] (II) modeset(0): #0: hsize: 1440  vsize 900  refresh: 60  vid: 149
[    16.298] (II) modeset(0): #1: hsize: 1152  vsize 864  refresh: 75  vid: 20337
[    16.298] (II) modeset(0): #2: hsize: 1280  vsize 1024  refresh: 60  vid: 32897
[    16.298] (II) modeset(0): #3: hsize: 1440  vsize 900  refresh: 75  vid: 3989
[    16.298] (II) modeset(0): Supported detailed timing:
[    16.298] (II) modeset(0): clock: 106.5 MHz   Image Size:  408 x 255 mm
[    16.298] (II) modeset(0): h_active: 1440  h_sync: 1520  h_sync_end 1672 h_blank_end 1904 h_border: 0
[    16.298] (II) modeset(0): v_active: 900  v_sync: 903  v_sync_end 909 v_blanking: 934 v_border: 0
[    16.298] (II) modeset(0): Ranges: V min: 56 V max: 75 Hz, H min: 30 H max: 83 kHz, PixClock max 145 MHz
[    16.298] (II) modeset(0): Serial No: UN48474L0EYS
[    16.298] (II) modeset(0): Monitor name: DELL SE198WFP
[    16.299] (II) modeset(0): EDID (in hex):
[    16.299] (II) modeset(0): 	00ffffffffffff0010ac03f053594530
[    16.299] (II) modeset(0): 	1011010368291a78eec125a3564b9927
[    16.299] (II) modeset(0): 	115054bfef809500714f8180950f0101
[    16.299] (II) modeset(0): 	0101010101019a29a0d0518422305098
[    16.299] (II) modeset(0): 	360098ff1000001c000000fd00384b1e
[    16.299] (II) modeset(0): 	530e000a202020202020000000ff0055
[    16.299] (II) modeset(0): 	4e34383437344c304559530a000000fc
[    16.299] (II) modeset(0): 	0044454c4c20534531393857465000a5
[    16.299] (II) modeset(0): Printing probed modes for output VGA-1
[    16.299] (II) modeset(0): Modeline "1440x900"x59.9  106.50  1440 1520 1672 1904  900 903 909 934 -hsync +vsync (55.9 kHz eP)
[    16.299] (II) modeset(0): Modeline "1280x1024"x75.0  135.00  1280 1296 1440 1688  1024 1025 1028 1066 +hsync +vsync (80.0 kHz e)
[    16.299] (II) modeset(0): Modeline "1280x1024"x60.0  108.00  1280 1328 1440 1688  1024 1025 1028 1066 +hsync +vsync (64.0 kHz e)
[    16.299] (II) modeset(0): Modeline "1440x900"x75.0  136.75  1440 1536 1688 1936  900 903 909 942 -hsync +vsync (70.6 kHz e)
[    16.299] (II) modeset(0): Modeline "1152x864"x75.0  108.00  1152 1216 1344 1600  864 865 868 900 +hsync +vsync (67.5 kHz e)
[    16.299] (II) modeset(0): Modeline "1024x768"x75.0   78.75  1024 1040 1136 1312  768 769 772 800 +hsync +vsync (60.0 kHz e)
[    16.299] (II) modeset(0): Modeline "1024x768"x70.1   75.00  1024 1048 1184 1328  768 771 777 806 -hsync -vsync (56.5 kHz e)
[    16.299] (II) modeset(0): Modeline "1024x768"x60.0   65.00  1024 1048 1184 1344  768 771 777 806 -hsync -vsync (48.4 kHz e)
[    16.299] (II) modeset(0): Modeline "832x624"x74.6   57.28  832 864 928 1152  624 625 628 667 -hsync -vsync (49.7 kHz e)
[    16.299] (II) modeset(0): Modeline "800x600"x72.2   50.00  800 856 976 1040  600 637 643 666 +hsync +vsync (48.1 kHz e)
[    16.299] (II) modeset(0): Modeline "800x600"x75.0   49.50  800 816 896 1056  600 601 604 625 +hsync +vsync (46.9 kHz e)
[    16.299] (II) modeset(0): Modeline "800x600"x60.3   40.00  800 840 968 1056  600 601 605 628 +hsync +vsync (37.9 kHz e)
[    16.299] (II) modeset(0): Modeline "800x600"x56.2   36.00  800 824 896 1024  600 601 603 625 +hsync +vsync (35.2 kHz e)
[    16.299] (II) modeset(0): Modeline "640x480"x75.0   31.50  640 656 720 840  480 481 484 500 -hsync -vsync (37.5 kHz e)
[    16.299] (II) modeset(0): Modeline "640x480"x72.8   31.50  640 664 704 832  480 489 492 520 -hsync -vsync (37.9 kHz e)
[    16.299] (II) modeset(0): Modeline "640x480"x66.7   30.24  640 704 768 864  480 483 486 525 -hsync -vsync (35.0 kHz e)
[    16.299] (II) modeset(0): Modeline "640x480"x59.9   25.18  640 656 752 800  480 490 492 525 -hsync -vsync (31.5 kHz e)
[    16.299] (II) modeset(0): Modeline "720x400"x70.1   28.32  720 738 846 900  400 412 414 449 -hsync +vsync (31.5 kHz e)
[    16.478] (II) modeset(0): EDID for output HDMI-1
[    16.478] (II) modeset(0): EDID for output DP-1
[    16.480] (II) modeset(0): EDID for output HDMI-2
[    16.482] (II) modeset(0): EDID for output HDMI-3
[    16.482] (II) modeset(0): EDID for output DP-2
[    16.482] (II) modeset(0): EDID for output DP-3
[    16.482] (II) modeset(0): Output LVDS-1 connected
[    16.482] (II) modeset(0): Output VGA-1 connected
[    16.482] (II) modeset(0): Output HDMI-1 disconnected
[    16.482] (II) modeset(0): Output DP-1 disconnected
[    16.482] (II) modeset(0): Output HDMI-2 disconnected
[    16.482] (II) modeset(0): Output HDMI-3 disconnected
[    16.482] (II) modeset(0): Output DP-2 disconnected
[    16.482] (II) modeset(0): Output DP-3 disconnected
[    16.482] (II) modeset(0): Using spanning desktop for initial modes
[    16.482] (II) modeset(0): Output LVDS-1 using initial mode 1366x768 +0+0
[    16.482] (II) modeset(0): Output VGA-1 using initial mode 1440x900 +1366+0
[    16.482] (==) modeset(0): Using gamma correction (1.0, 1.0, 1.0)
[    16.482] (==) modeset(0): DPI set to (96, 96)
[    16.482] (II) Loading sub module "fb"
[    16.482] (II) LoadModule: "fb"
[    16.482] (II) Loading /usr/lib/xorg/modules/libfb.so
[    16.494] (II) Module fb: vendor="X.Org Foundation"
[    16.494] 	compiled for 1.20.9, module version = 1.0.0
[    16.494] 	ABI class: X.Org ANSI C Emulation, version 0.4
[    16.708] (==) modeset(0): Backing store enabled
[    16.708] (==) modeset(0): Silken mouse disabled
[    16.754] (II) modeset(0): Initializing kms color map for depth 24, 8 bpc.
[    16.754] (==) modeset(0): DPMS enabled
[    16.754] (II) modeset(0): [DRI2] Setup complete
[    16.754] (II) modeset(0): [DRI2]   DRI driver: i965
[    16.754] (II) modeset(0): [DRI2]   VDPAU driver: va_gl
[    16.754] (II) Initializing extension Generic Event Extension
[    16.754] (II) Initializing extension SHAPE
[    16.754] (II) Initializing extension MIT-SHM
[    16.754] (II) Initializing extension XInputExtension
[    16.754] (II) Initializing extension XTEST
[    16.754] (II) Initializing extension BIG-REQUESTS
[    16.754] (II) Initializing extension SYNC
[    16.754] (II) Initializing extension XKEYBOARD
[    16.755] (II) Initializing extension XC-MISC
[    16.755] (II) Initializing extension SECURITY
[    16.755] (II) Initializing extension XFIXES
[    16.755] (II) Initializing extension RENDER
[    16.755] (II) Initializing extension RANDR
[    16.755] (II) Initializing extension COMPOSITE
[    16.755] (II) Initializing extension DAMAGE
[    16.755] (II) Initializing extension MIT-SCREEN-SAVER
[    16.755] (II) Initializing extension DOUBLE-BUFFER
[    16.755] (II) Initializing extension RECORD
[    16.755] (II) Initializing extension DPMS
[    16.755] (II) Initializing extension Present
[    16.755] (II) Initializing extension DRI3
[    16.755] (II) Initializing extension X-Resource
[    16.755] (II) Initializing extension XVideo
[    16.755] (II) Initializing extension XVideo-MotionCompensation
[    16.755] (II) Initializing extension GLX
[    16.762] (II) AIGLX: Loaded and initialized i965
[    16.762] (II) GLX: Initialized DRI2 GL provider for screen 0
[    16.762] (II) Initializing extension XFree86-VidModeExtension
[    16.762] (II) Initializing extension XFree86-DGA
[    16.762] (II) Initializing extension XFree86-DRI
[    16.762] (II) Initializing extension DRI2
[    16.868] (II) modeset(0): Damage tracking initialized
[    16.868] (II) modeset(0): Setting screen physical size to 742 x 238
[    17.195] (II) config/udev: Adding input device Power Button (/dev/input/event2)
[    17.195] (**) Power Button: Applying InputClass "libinput keyboard catchall"
[    17.195] (II) LoadModule: "libinput"
[    17.195] (II) Loading /usr/lib/xorg/modules/input/libinput_drv.so
[    17.225] (II) Module libinput: vendor="X.Org Foundation"
[    17.225] 	compiled for 1.20.8, module version = 0.30.0
[    17.225] 	Module class: X.Org XInput Driver
[    17.225] 	ABI class: X.Org XInput driver, version 24.1
[    17.225] (II) Using input driver 'libinput' for 'Power Button'
[    17.226] (II) systemd-logind: got fd for /dev/input/event2 13:66 fd 15 paused 0
[    17.226] (**) Power Button: always reports core events
[    17.227] (**) Option "Device" "/dev/input/event2"
[    17.227] (**) Option "_source" "server/udev"
[    17.244] (II) event2  - Power Button: is tagged by udev as: Keyboard
[    17.244] (II) event2  - Power Button: device is a keyboard
[    17.244] (II) event2  - Power Button: device removed
[    17.244] (**) Option "config_info" "udev:/sys/devices/LNXSYSTM:00/LNXPWRBN:00/input/input2/event2"
[    17.244] (II) XINPUT: Adding extended input device "Power Button" (type: KEYBOARD, id 6)
[    17.245] (II) event2  - Power Button: is tagged by udev as: Keyboard
[    17.245] (II) event2  - Power Button: device is a keyboard
[    17.245] (II) config/udev: Adding input device Video Bus (/dev/input/event11)
[    17.245] (**) Video Bus: Applying InputClass "libinput keyboard catchall"
[    17.245] (II) Using input driver 'libinput' for 'Video Bus'
[    17.246] (II) systemd-logind: got fd for /dev/input/event11 13:75 fd 18 paused 0
[    17.246] (**) Video Bus: always reports core events
[    17.246] (**) Option "Device" "/dev/input/event11"
[    17.246] (**) Option "_source" "server/udev"
[    17.247] (II) event11 - Video Bus: is tagged by udev as: Keyboard
[    17.247] (II) event11 - Video Bus: device is a keyboard
[    17.247] (II) event11 - Video Bus: device removed
[    17.247] (**) Option "config_info" "udev:/sys/devices/LNXSYSTM:00/LNXSYBUS:00/PNP0A08:00/LNXVIDEO:00/input/input23/event11"
[    17.247] (II) XINPUT: Adding extended input device "Video Bus" (type: KEYBOARD, id 7)
[    17.247] (II) event11 - Video Bus: is tagged by udev as: Keyboard
[    17.247] (II) event11 - Video Bus: device is a keyboard
[    17.248] (II) config/udev: Adding input device Lid Switch (/dev/input/event0)
[    17.248] (II) No input driver specified, ignoring this device.
[    17.248] (II) This device may have been added with another device file.
[    17.248] (II) config/udev: Adding input device Sleep Button (/dev/input/event1)
[    17.248] (**) Sleep Button: Applying InputClass "libinput keyboard catchall"
[    17.248] (II) Using input driver 'libinput' for 'Sleep Button'
[    17.249] (II) systemd-logind: got fd for /dev/input/event1 13:65 fd 19 paused 0
[    17.249] (**) Sleep Button: always reports core events
[    17.249] (**) Option "Device" "/dev/input/event1"
[    17.249] (**) Option "_source" "server/udev"
[    17.249] (II) event1  - Sleep Button: is tagged by udev as: Keyboard
[    17.249] (II) event1  - Sleep Button: device is a keyboard
[    17.249] (II) event1  - Sleep Button: device removed
[    17.249] (**) Option "config_info" "udev:/sys/devices/LNXSYSTM:00/LNXSYBUS:00/PNP0C0E:00/input/input1/event1"
[    17.249] (II) XINPUT: Adding extended input device "Sleep Button" (type: KEYBOARD, id 8)
[    17.250] (II) event1  - Sleep Button: is tagged by udev as: Keyboard
[    17.250] (II) event1  - Sleep Button: device is a keyboard
[    17.251] (II) config/udev: Adding input device Logitech Wireless Mouse (/dev/input/event4)
[    17.251] (**) Logitech Wireless Mouse: Applying InputClass "libinput pointer catchall"
[    17.251] (II) Using input driver 'libinput' for 'Logitech Wireless Mouse'
[    17.252] (II) systemd-logind: got fd for /dev/input/event4 13:68 fd 20 paused 0
[    17.252] (**) Logitech Wireless Mouse: always reports core events
[    17.252] (**) Option "Device" "/dev/input/event4"
[    17.252] (**) Option "_source" "server/udev"
[    17.252] (II) event4  - Logitech Wireless Mouse: is tagged by udev as: Mouse
[    17.252] (II) event4  - Logitech Wireless Mouse: device is a pointer
[    17.253] (II) event4  - Logitech Wireless Mouse: device removed
[    17.253] (**) Option "config_info" "udev:/sys/devices/pci0000:00/0000:00:14.0/usb2/2-1/2-1:1.1/0003:046D:C534.0002/0003:046D:4054.0003/input/input18/event4"
[    17.253] (II) XINPUT: Adding extended input device "Logitech Wireless Mouse" (type: MOUSE, id 9)
[    17.253] (**) Option "AccelerationScheme" "none"
[    17.253] (**) Logitech Wireless Mouse: (accel) selected scheme none/0
[    17.253] (**) Logitech Wireless Mouse: (accel) acceleration factor: 2.000
[    17.253] (**) Logitech Wireless Mouse: (accel) acceleration threshold: 4
[    17.253] (II) event4  - Logitech Wireless Mouse: is tagged by udev as: Mouse
[    17.253] (II) event4  - Logitech Wireless Mouse: device is a pointer
[    17.254] (II) config/udev: Adding input device Logitech Wireless Mouse (/dev/input/mouse0)
[    17.254] (II) No input driver specified, ignoring this device.
[    17.254] (II) This device may have been added with another device file.
[    17.254] (II) config/udev: Adding input device Integrated Camera: Integrated C (/dev/input/event10)
[    17.254] (**) Integrated Camera: Integrated C: Applying InputClass "libinput keyboard catchall"
[    17.254] (II) Using input driver 'libinput' for 'Integrated Camera: Integrated C'
[    17.255] (II) systemd-logind: got fd for /dev/input/event10 13:74 fd 21 paused 0
[    17.255] (**) Integrated Camera: Integrated C: always reports core events
[    17.255] (**) Option "Device" "/dev/input/event10"
[    17.255] (**) Option "_source" "server/udev"
[    17.256] (II) event10 - Integrated Camera: Integrated C: is tagged by udev as: Keyboard
[    17.256] (II) event10 - Integrated Camera: Integrated C: device is a keyboard
[    17.256] (II) event10 - Integrated Camera: Integrated C: device removed
[    17.256] (**) Option "config_info" "udev:/sys/devices/pci0000:00/0000:00:1a.0/usb1/1-1/1-1.6/1-1.6:1.0/input/input22/event10"
[    17.256] (II) XINPUT: Adding extended input device "Integrated Camera: Integrated C" (type: KEYBOARD, id 10)
[    17.257] (II) event10 - Integrated Camera: Integrated C: is tagged by udev as: Keyboard
[    17.257] (II) event10 - Integrated Camera: Integrated C: device is a keyboard
[    17.257] (II) config/udev: Adding input device HDA Digital PCBeep (/dev/input/event13)
[    17.257] (II) No input driver specified, ignoring this device.
[    17.257] (II) This device may have been added with another device file.
[    17.257] (II) config/udev: Adding input device HDA Intel PCH Mic (/dev/input/event14)
[    17.257] (II) No input driver specified, ignoring this device.
[    17.257] (II) This device may have been added with another device file.
[    17.257] (II) config/udev: Adding input device HDA Intel PCH Dock Mic (/dev/input/event15)
[    17.257] (II) No input driver specified, ignoring this device.
[    17.257] (II) This device may have been added with another device file.
[    17.257] (II) config/udev: Adding input device HDA Intel PCH Headphone (/dev/input/event16)
[    17.257] (II) No input driver specified, ignoring this device.
[    17.257] (II) This device may have been added with another device file.
[    17.258] (II) config/udev: Adding input device HDA Intel PCH Dock Headphone (/dev/input/event17)
[    17.258] (II) No input driver specified, ignoring this device.
[    17.258] (II) This device may have been added with another device file.
[    17.258] (II) config/udev: Adding input device HDA Intel PCH HDMI/DP,pcm=3 (/dev/input/event18)
[    17.258] (II) No input driver specified, ignoring this device.
[    17.258] (II) This device may have been added with another device file.
[    17.258] (II) config/udev: Adding input device HDA Intel PCH HDMI/DP,pcm=7 (/dev/input/event19)
[    17.258] (II) No input driver specified, ignoring this device.
[    17.258] (II) This device may have been added with another device file.
[    17.258] (II) config/udev: Adding input device HDA Intel PCH HDMI/DP,pcm=8 (/dev/input/event20)
[    17.258] (II) No input driver specified, ignoring this device.
[    17.258] (II) This device may have been added with another device file.
[    17.258] (II) config/udev: Adding input device Dell Dell USB Keyboard (/dev/input/event5)
[    17.258] (**) Dell Dell USB Keyboard: Applying InputClass "libinput keyboard catchall"
[    17.258] (II) Using input driver 'libinput' for 'Dell Dell USB Keyboard'
[    17.259] (II) systemd-logind: got fd for /dev/input/event5 13:69 fd 22 paused 0
[    17.259] (**) Dell Dell USB Keyboard: always reports core events
[    17.259] (**) Option "Device" "/dev/input/event5"
[    17.259] (**) Option "_source" "server/udev"
[    17.260] (II) event5  - Dell Dell USB Keyboard: is tagged by udev as: Keyboard
[    17.260] (II) event5  - Dell Dell USB Keyboard: device is a keyboard
[    17.260] (II) event5  - Dell Dell USB Keyboard: device removed
[    17.260] (**) Option "config_info" "udev:/sys/devices/pci0000:00/0000:00:1d.0/usb4/4-1/4-1.8/4-1.8.4/4-1.8.4.1/4-1.8.4.1:1.0/0003:413C:2010.0004/input/input15/event5"
[    17.260] (II) XINPUT: Adding extended input device "Dell Dell USB Keyboard" (type: KEYBOARD, id 11)
[    17.261] (II) event5  - Dell Dell USB Keyboard: is tagged by udev as: Keyboard
[    17.261] (II) event5  - Dell Dell USB Keyboard: device is a keyboard
[    17.261] (II) config/udev: Adding input device Dell Dell USB Keyboard Consumer Control (/dev/input/event6)
[    17.261] (**) Dell Dell USB Keyboard Consumer Control: Applying InputClass "libinput keyboard catchall"
[    17.261] (II) Using input driver 'libinput' for 'Dell Dell USB Keyboard Consumer Control'
[    17.262] (II) systemd-logind: got fd for /dev/input/event6 13:70 fd 23 paused 0
[    17.263] (**) Dell Dell USB Keyboard Consumer Control: always reports core events
[    17.263] (**) Option "Device" "/dev/input/event6"
[    17.263] (**) Option "_source" "server/udev"
[    17.264] (II) event6  - Dell Dell USB Keyboard Consumer Control: is tagged by udev as: Keyboard
[    17.264] (II) event6  - Dell Dell USB Keyboard Consumer Control: device is a keyboard
[    17.265] (II) event6  - Dell Dell USB Keyboard Consumer Control: device removed
[    17.265] (**) Option "config_info" "udev:/sys/devices/pci0000:00/0000:00:1d.0/usb4/4-1/4-1.8/4-1.8.4/4-1.8.4.1/4-1.8.4.1:1.1/0003:413C:2010.0005/input/input16/event6"
[    17.265] (II) XINPUT: Adding extended input device "Dell Dell USB Keyboard Consumer Control" (type: KEYBOARD, id 12)
[    17.266] (II) event6  - Dell Dell USB Keyboard Consumer Control: is tagged by udev as: Keyboard
[    17.266] (II) event6  - Dell Dell USB Keyboard Consumer Control: device is a keyboard
[    17.267] (II) config/udev: Adding input device Dell Dell USB Keyboard System Control (/dev/input/event7)
[    17.267] (**) Dell Dell USB Keyboard System Control: Applying InputClass "libinput keyboard catchall"
[    17.267] (II) Using input driver 'libinput' for 'Dell Dell USB Keyboard System Control'
[    17.267] (II) systemd-logind: got fd for /dev/input/event7 13:71 fd 24 paused 0
[    17.267] (**) Dell Dell USB Keyboard System Control: always reports core events
[    17.267] (**) Option "Device" "/dev/input/event7"
[    17.268] (**) Option "_source" "server/udev"
[    17.268] (II) event7  - Dell Dell USB Keyboard System Control: is tagged by udev as: Keyboard
[    17.268] (II) event7  - Dell Dell USB Keyboard System Control: device is a keyboard
[    17.269] (II) event7  - Dell Dell USB Keyboard System Control: device removed
[    17.269] (**) Option "config_info" "udev:/sys/devices/pci0000:00/0000:00:1d.0/usb4/4-1/4-1.8/4-1.8.4/4-1.8.4.1/4-1.8.4.1:1.1/0003:413C:2010.0005/input/input17/event7"
[    17.269] (II) XINPUT: Adding extended input device "Dell Dell USB Keyboard System Control" (type: KEYBOARD, id 13)
[    17.269] (II) event7  - Dell Dell USB Keyboard System Control: is tagged by udev as: Keyboard
[    17.269] (II) event7  - Dell Dell USB Keyboard System Control: device is a keyboard
[    17.270] (II) config/udev: Adding input device AT Translated Set 2 keyboard (/dev/input/event3)
[    17.270] (**) AT Translated Set 2 keyboard: Applying InputClass "libinput keyboard catchall"
[    17.270] (II) Using input driver 'libinput' for 'AT Translated Set 2 keyboard'
[    17.270] (II) systemd-logind: got fd for /dev/input/event3 13:67 fd 25 paused 0
[    17.270] (**) AT Translated Set 2 keyboard: always reports core events
[    17.270] (**) Option "Device" "/dev/input/event3"
[    17.270] (**) Option "_source" "server/udev"
[    17.271] (II) event3  - AT Translated Set 2 keyboard: is tagged by udev as: Keyboard
[    17.271] (II) event3  - AT Translated Set 2 keyboard: device is a keyboard
[    17.272] (II) event3  - AT Translated Set 2 keyboard: device removed
[    17.272] (**) Option "config_info" "udev:/sys/devices/platform/i8042/serio0/input/input3/event3"
[    17.272] (II) XINPUT: Adding extended input device "AT Translated Set 2 keyboard" (type: KEYBOARD, id 14)
[    17.273] (II) event3  - AT Translated Set 2 keyboard: is tagged by udev as: Keyboard
[    17.273] (II) event3  - AT Translated Set 2 keyboard: device is a keyboard
[    17.274] (II) config/udev: Adding input device SynPS/2 Synaptics TouchPad (/dev/input/event12)
[    17.274] (**) SynPS/2 Synaptics TouchPad: Applying InputClass "libinput touchpad catchall"
[    17.274] (II) Using input driver 'libinput' for 'SynPS/2 Synaptics TouchPad'
[    17.275] (II) systemd-logind: got fd for /dev/input/event12 13:76 fd 26 paused 0
[    17.275] (**) SynPS/2 Synaptics TouchPad: always reports core events
[    17.276] (**) Option "Device" "/dev/input/event12"
[    17.276] (**) Option "_source" "server/udev"
[    17.276] (II) event12 - SynPS/2 Synaptics TouchPad: is tagged by udev as: Touchpad
[    17.277] (II) event12 - SynPS/2 Synaptics TouchPad: device is a touchpad
[    17.277] (II) event12 - SynPS/2 Synaptics TouchPad: device removed
[    17.277] (**) Option "config_info" "udev:/sys/devices/platform/i8042/serio1/input/input21/event12"
[    17.277] (II) XINPUT: Adding extended input device "SynPS/2 Synaptics TouchPad" (type: TOUCHPAD, id 15)
[    17.278] (**) Option "AccelerationScheme" "none"
[    17.278] (**) SynPS/2 Synaptics TouchPad: (accel) selected scheme none/0
[    17.278] (**) SynPS/2 Synaptics TouchPad: (accel) acceleration factor: 2.000
[    17.278] (**) SynPS/2 Synaptics TouchPad: (accel) acceleration threshold: 4
[    17.278] (II) event12 - SynPS/2 Synaptics TouchPad: is tagged by udev as: Touchpad
[    17.279] (II) event12 - SynPS/2 Synaptics TouchPad: device is a touchpad
[    17.280] (II) config/udev: Adding input device SynPS/2 Synaptics TouchPad (/dev/input/mouse1)
[    17.280] (II) No input driver specified, ignoring this device.
[    17.280] (II) This device may have been added with another device file.
[    17.280] (II) config/udev: Adding input device TPPS/2 IBM TrackPoint (/dev/input/event21)
[    17.280] (**) TPPS/2 IBM TrackPoint: Applying InputClass "libinput pointer catchall"
[    17.280] (II) Using input driver 'libinput' for 'TPPS/2 IBM TrackPoint'
[    17.281] (II) systemd-logind: got fd for /dev/input/event21 13:85 fd 27 paused 0
[    17.281] (**) TPPS/2 IBM TrackPoint: always reports core events
[    17.281] (**) Option "Device" "/dev/input/event21"
[    17.281] (**) Option "_source" "server/udev"
[    17.281] (II) event21 - TPPS/2 IBM TrackPoint: is tagged by udev as: Mouse Pointingstick
[    17.281] (II) event21 - TPPS/2 IBM TrackPoint: trackpoint multiplier is 0.25
[    17.281] (II) event21 - TPPS/2 IBM TrackPoint: device is a pointer
[    17.282] (II) event21 - TPPS/2 IBM TrackPoint: device removed
[    17.282] (**) Option "config_info" "udev:/sys/devices/platform/i8042/serio1/serio2/input/input24/event21"
[    17.282] (II) XINPUT: Adding extended input device "TPPS/2 IBM TrackPoint" (type: MOUSE, id 16)
[    17.282] (**) Option "AccelerationScheme" "none"
[    17.282] (**) TPPS/2 IBM TrackPoint: (accel) selected scheme none/0
[    17.282] (**) TPPS/2 IBM TrackPoint: (accel) acceleration factor: 2.000
[    17.282] (**) TPPS/2 IBM TrackPoint: (accel) acceleration threshold: 4
[    17.283] (II) event21 - TPPS/2 IBM TrackPoint: is tagged by udev as: Mouse Pointingstick
[    17.283] (II) event21 - TPPS/2 IBM TrackPoint: trackpoint multiplier is 0.25
[    17.283] (II) event21 - TPPS/2 IBM TrackPoint: device is a pointer
[    17.283] (II) config/udev: Adding input device TPPS/2 IBM TrackPoint (/dev/input/mouse2)
[    17.283] (II) No input driver specified, ignoring this device.
[    17.283] (II) This device may have been added with another device file.
[    17.284] (II) config/udev: Adding input device PC Speaker (/dev/input/event8)
[    17.284] (II) No input driver specified, ignoring this device.
[    17.284] (II) This device may have been added with another device file.
[    17.284] (II) config/udev: Adding input device ThinkPad Extra Buttons (/dev/input/event9)
[    17.284] (**) ThinkPad Extra Buttons: Applying InputClass "libinput keyboard catchall"
[    17.284] (II) Using input driver 'libinput' for 'ThinkPad Extra Buttons'
[    17.285] (II) systemd-logind: got fd for /dev/input/event9 13:73 fd 28 paused 0
[    17.285] (**) ThinkPad Extra Buttons: always reports core events
[    17.285] (**) Option "Device" "/dev/input/event9"
[    17.285] (**) Option "_source" "server/udev"
[    17.286] (II) event9  - ThinkPad Extra Buttons: is tagged by udev as: Keyboard Switch
[    17.286] (II) event9  - ThinkPad Extra Buttons: device is a keyboard
[    17.286] (II) event9  - ThinkPad Extra Buttons: device removed
[    17.286] (**) Option "config_info" "udev:/sys/devices/platform/thinkpad_acpi/input/input19/event9"
[    17.286] (II) XINPUT: Adding extended input device "ThinkPad Extra Buttons" (type: KEYBOARD, id 17)
[    17.287] (II) event9  - ThinkPad Extra Buttons: is tagged by udev as: Keyboard Switch
[    17.287] (II) event9  - ThinkPad Extra Buttons: device is a keyboard
[    33.341] (II) modeset(0): Allocate new frame buffer 1440x900 stride
[   598.265] (EE) event5  - Dell Dell USB Keyboard: client bug: event processing lagging behind by 27ms, your system is too slow
[   639.665] (EE) event5  - Dell Dell USB Keyboard: client bug: event processing lagging behind by 13ms, your system is too slow
[  1835.941] (EE) event5  - Dell Dell USB Keyboard: client bug: event processing lagging behind by 15ms, your system is too slow
[  2025.148] (EE) event5  - Dell Dell USB Keyboard: client bug: event processing lagging behind by 29ms, your system is too slow
[  2068.076] (EE) event5  - Dell Dell USB Keyboard: client bug: event processing lagging behind by 17ms, your system is too slow
[  2239.747] (EE) event5  - Dell Dell USB Keyboard: client bug: event processing lagging behind by 32ms, your system is too slow
[  2760.631] (EE) event4  - Logitech Wireless Mouse: client bug: event processing lagging behind by 184ms, your system is too slow
[  2761.706] (II) event4  - Logitech Wireless Mouse: SYN_DROPPED event - some input events have been lost.
[  2812.119] (EE) client bug: timer event4 debounce: scheduled expiry is in the past (-33ms), your system is too slow
[  2812.133] (EE) client bug: timer event4 debounce short: scheduled expiry is in the past (-60ms), your system is too slow
[  3464.763] (EE) event5  - Dell Dell USB Keyboard: client bug: event processing lagging behind by 53ms, your system is too slow
[  3544.366] (EE) event5  - Dell Dell USB Keyboard: client bug: event processing lagging behind by 28ms, your system is too slow
[  3579.806] (EE) event5  - Dell Dell USB Keyboard: client bug: event processing lagging behind by 21ms, your system is too slow
[  3682.214] (EE) event5  - Dell Dell USB Keyboard: client bug: event processing lagging behind by 18ms, your system is too slow
[  4060.044] (EE) event5  - Dell Dell USB Keyboard: client bug: event processing lagging behind by 36ms, your system is too slow
[  5026.768] (EE) event5  - Dell Dell USB Keyboard: client bug: event processing lagging behind by 13ms, your system is too slow
[  5066.344] (EE) event5  - Dell Dell USB Keyboard: client bug: event processing lagging behind by 33ms, your system is too slow
[  5088.488] (EE) event5  - Dell Dell USB Keyboard: client bug: event processing lagging behind by 23ms, your system is too slow
[  5163.624] (EE) event5  - Dell Dell USB Keyboard: client bug: event processing lagging behind by 29ms, your system is too slow
[  5206.768] (EE) event5  - Dell Dell USB Keyboard: client bug: event processing lagging behind by 26ms, your system is too slow
